<?xml version="1.0" encoding="UTF-8"?>
<!-- Generated by org.testng.reporters.JUnitReportReporter -->
<testsuite hostname="DELL" failures="0" tests="3" name="TS_012_CHANGE_PASSWORD.TC_002_CHANGE_PASSWORD_FUNCTIONALITY2" time="17.114" errors="0" timestamp="2024-05-07T14:30:46 IST" skipped="0">
  <testcase classname="TS_012_CHANGE_PASSWORD.TC_002_CHANGE_PASSWORD_FUNCTIONALITY2" name="navigate_to_change_password_page" time="4.488"/>
  <system-out>
    <![CDATA[method namenavigate_to_change_password_page
method status1]]>
  </system-out>
  <testcase classname="TS_012_CHANGE_PASSWORD.TC_002_CHANGE_PASSWORD_FUNCTIONALITY2" name="logging_valid_credentials_TC_LF_001" time="8.065"/>
  <system-out>
    <![CDATA[method namelogging_valid_credentials_TC_LF_001
method status1]]>
  </system-out>
  <testcase classname="TS_012_CHANGE_PASSWORD.TC_002_CHANGE_PASSWORD_FUNCTIONALITY2" name="validate_change_password" time="4.561"/>
  <system-out>
    <![CDATA[method namevalidate_change_password
method status1]]>
  </system-out>
</testsuite> <!-- TS_012_CHANGE_PASSWORD.TC_002_CHANGE_PASSWORD_FUNCTIONALITY2 -->
