<?xml version="1.0" encoding="UTF-8"?>
<!-- Generated by org.testng.reporters.JUnitReportReporter -->
<testsuite hostname="DELL" failures="0" tests="1" name="TS_010_SHOPPING_CART_FUNCTIONALITY.TC_SC_009_SHOPPINGCART_FUNCTIONALITY3" time="9.976" errors="0" timestamp="2024-05-07T13:20:25 IST" skipped="0">
  <testcase classname="TS_010_SHOPPING_CART_FUNCTIONALITY.TC_SC_009_SHOPPINGCART_FUNCTIONALITY3" name="Validate_shopping_cart_to_checkout" time="9.976"/>
  <system-out/>
</testsuite> <!-- TS_010_SHOPPING_CART_FUNCTIONALITY.TC_SC_009_SHOPPINGCART_FUNCTIONALITY3 -->
