<?xml version="1.0" encoding="UTF-8"?>
<!-- Generated by org.testng.reporters.JUnitReportReporter -->
<testsuite hostname="DELL" failures="0" tests="2" name="TS_014_MY_ACCOUNT_INFORMATION.TC_MAI_001_MY_ACCOUNT_INFORMATION" time="13.443" errors="0" timestamp="2024-05-07T15:21:33 IST" skipped="0">
  <testcase classname="TS_014_MY_ACCOUNT_INFORMATION.TC_MAI_001_MY_ACCOUNT_INFORMATION" name="update_my_account_info" time="6.559"/>
  <system-out>
    <![CDATA[method nameupdate_my_account_info
method status1]]>
  </system-out>
  <testcase classname="TS_014_MY_ACCOUNT_INFORMATION.TC_MAI_001_MY_ACCOUNT_INFORMATION" name="logging_valid_credentials_TC_LF_001" time="6.884"/>
  <system-out>
    <![CDATA[method namelogging_valid_credentials_TC_LF_001
method status1]]>
  </system-out>
</testsuite> <!-- TS_014_MY_ACCOUNT_INFORMATION.TC_MAI_001_MY_ACCOUNT_INFORMATION -->
