<?xml version="1.0" encoding="UTF-8"?>
<!-- Generated by org.testng.reporters.JUnitReportReporter -->
<testsuite hostname="DELL" failures="0" tests="6" name="TS_013_MY_ACCOUNT.TC_MA_005_MY_ACCOUNT3" time="103.872" errors="0" timestamp="2024-05-07T15:11:08 IST" skipped="0">
  <testcase classname="TS_013_MY_ACCOUNT.TC_MA_005_MY_ACCOUNT3" name="Validate_shopping_cart_to_checkout" time="33.065"/>
  <system-out>
    <![CDATA[method nameValidate_shopping_cart_to_checkout
method status1]]>
  </system-out>
  <testcase classname="TS_013_MY_ACCOUNT.TC_MA_005_MY_ACCOUNT3" name="validate_product_name_price" time="21.149"/>
  <system-out>
    <![CDATA[method namevalidate_product_name_price
method status1]]>
  </system-out>
  <testcase classname="TS_013_MY_ACCOUNT.TC_MA_005_MY_ACCOUNT3" name="existing_address_checkout" time="5.435"/>
  <system-out>
    <![CDATA[method nameexisting_address_checkout
method status1]]>
  </system-out>
  <testcase classname="TS_013_MY_ACCOUNT.TC_MA_005_MY_ACCOUNT3" name="success_message_to_shoppingCart" time="10.193"/>
  <system-out>
    <![CDATA[method namesuccess_message_to_shoppingCart
method status1]]>
  </system-out>
  <testcase classname="TS_013_MY_ACCOUNT.TC_MA_005_MY_ACCOUNT3" name="supported_env_tc_ma_004" time="6.895"/>
  <system-out>
    <![CDATA[method namesupported_env_tc_ma_004
method status1]]>
  </system-out>
  <testcase classname="TS_013_MY_ACCOUNT.TC_MA_005_MY_ACCOUNT3" name="logging_valid_credentials_TC_LF_001" time="27.135"/>
  <system-out>
    <![CDATA[method namelogging_valid_credentials_TC_LF_001
method status1]]>
  </system-out>
</testsuite> <!-- TS_013_MY_ACCOUNT.TC_MA_005_MY_ACCOUNT3 -->
