<?xml version="1.0" encoding="UTF-8"?>
<!-- Generated by org.testng.reporters.JUnitReportReporter -->
<testsuite hostname="DELL" failures="0" tests="4" name="TS_010_SHOPPING_CART_FUNCTIONALITY.TC_SC_011_SHOPPINGCART_FUNCTIONALITY5" time="25.291" errors="0" timestamp="2024-05-07T11:31:37 IST" skipped="0">
  <testcase classname="TS_010_SHOPPING_CART_FUNCTIONALITY.TC_SC_011_SHOPPINGCART_FUNCTIONALITY5" name="success_message_to_shoppingCart" time="9.023"/>
  <system-out>
    <![CDATA[method namesuccess_message_to_shoppingCart
method status1]]>
  </system-out>
  <testcase classname="TS_010_SHOPPING_CART_FUNCTIONALITY.TC_SC_011_SHOPPINGCART_FUNCTIONALITY5" name="logging_valid_credentials_TC_LF_001" time="7.333"/>
  <system-out>
    <![CDATA[method namelogging_valid_credentials_TC_LF_001
method status1]]>
  </system-out>
  <testcase classname="TS_010_SHOPPING_CART_FUNCTIONALITY.TC_SC_011_SHOPPINGCART_FUNCTIONALITY5" name="validate_product_name_price" time="4.399"/>
  <system-out>
    <![CDATA[method namevalidate_product_name_price
method status1]]>
  </system-out>
  <testcase classname="TS_010_SHOPPING_CART_FUNCTIONALITY.TC_SC_011_SHOPPINGCART_FUNCTIONALITY5" name="all_supported_environments" time="4.536"/>
  <system-out>
    <![CDATA[method nameall_supported_environments
method status1]]>
  </system-out>
</testsuite> <!-- TS_010_SHOPPING_CART_FUNCTIONALITY.TC_SC_011_SHOPPINGCART_FUNCTIONALITY5 -->
