<?xml version="1.0" encoding="UTF-8"?>
<!-- Generated by org.testng.reporters.JUnitReportReporter -->
<testsuite hostname="DELL" failures="0" tests="1" name="TS_007_PRODUCT_DISPLAY_PAGE.TC_PDP_001_PRODUCT_DISPLAY_PAGE" time="14.371" errors="0" timestamp="2024-05-07T08:15:17 IST" skipped="0">
  <testcase classname="TS_007_PRODUCT_DISPLAY_PAGE.TC_PDP_001_PRODUCT_DISPLAY_PAGE" name="validate_product_name_price" time="14.371"/>
  <system-out/>
</testsuite> <!-- TS_007_PRODUCT_DISPLAY_PAGE.TC_PDP_001_PRODUCT_DISPLAY_PAGE -->
