<?xml version="1.0" encoding="UTF-8"?>
<!-- Generated by org.testng.reporters.JUnitReportReporter -->
<testsuite hostname="DELL" failures="0" tests="1" name="TS_010_SHOPPING_CART_FUNCTIONALITY.TC_SC_001_SHOPPINGCART_FUNCTIONALITY" time="17.857" errors="0" timestamp="2024-05-07T10:10:45 IST" skipped="0">
  <testcase classname="TS_010_SHOPPING_CART_FUNCTIONALITY.TC_SC_001_SHOPPINGCART_FUNCTIONALITY" name="success_message_to_shoppingCart" time="17.857"/>
  <system-out/>
</testsuite> <!-- TS_010_SHOPPING_CART_FUNCTIONALITY.TC_SC_001_SHOPPINGCART_FUNCTIONALITY -->
