<?xml version="1.0" encoding="UTF-8"?>
<!-- Generated by org.testng.reporters.JUnitReportReporter -->
<testsuite hostname="DELL" failures="0" tests="4" name="TS_010_SHOPPING_CART_FUNCTIONALITY.TC_SC_007_SHOPPINGCART_FUNCTIONALITY6" time="65.639" errors="0" timestamp="2024-05-07T10:44:38 IST" skipped="0">
  <testcase classname="TS_010_SHOPPING_CART_FUNCTIONALITY.TC_SC_007_SHOPPINGCART_FUNCTIONALITY6" name="success_message_to_shoppingCart" time="22.537"/>
  <system-out>
    <![CDATA[method namesuccess_message_to_shoppingCart
method status1]]>
  </system-out>
  <testcase classname="TS_010_SHOPPING_CART_FUNCTIONALITY.TC_SC_007_SHOPPINGCART_FUNCTIONALITY6" name="logging_valid_credentials_TC_LF_001" time="5.856"/>
  <system-out>
    <![CDATA[method namelogging_valid_credentials_TC_LF_001
method status1]]>
  </system-out>
  <testcase classname="TS_010_SHOPPING_CART_FUNCTIONALITY.TC_SC_007_SHOPPINGCART_FUNCTIONALITY6" name="validate_product_name_price" time="14.967"/>
  <system-out>
    <![CDATA[method namevalidate_product_name_price
method status1]]>
  </system-out>
  <testcase classname="TS_010_SHOPPING_CART_FUNCTIONALITY.TC_SC_007_SHOPPINGCART_FUNCTIONALITY6" name="Validate_update_negative_qty_of_product" time="22.279"/>
  <system-out>
    <![CDATA[method nameValidate_update_negative_qty_of_product
method status1]]>
  </system-out>
</testsuite> <!-- TS_010_SHOPPING_CART_FUNCTIONALITY.TC_SC_007_SHOPPINGCART_FUNCTIONALITY6 -->
