<?xml version="1.0" encoding="UTF-8"?>
<!-- Generated by org.testng.reporters.JUnitReportReporter -->
<testsuite hostname="DELL" failures="0" tests="5" name="TS_011CHECKOUT_FUNCTIONALITY.TC_CO_009_CHECKOUT_FUNCTIONALITY4" time="42.821" errors="0" timestamp="2024-05-07T14:04:00 IST" skipped="0">
  <testcase classname="TS_011CHECKOUT_FUNCTIONALITY.TC_CO_009_CHECKOUT_FUNCTIONALITY4" name="validate_supported_env" time="4.903"/>
  <system-out>
    <![CDATA[method namevalidate_supported_env
method status1]]>
  </system-out>
  <testcase classname="TS_011CHECKOUT_FUNCTIONALITY.TC_CO_009_CHECKOUT_FUNCTIONALITY4" name="success_message_to_shoppingCart" time="6.512"/>
  <system-out>
    <![CDATA[method namesuccess_message_to_shoppingCart
method status1]]>
  </system-out>
  <testcase classname="TS_011CHECKOUT_FUNCTIONALITY.TC_CO_009_CHECKOUT_FUNCTIONALITY4" name="logging_valid_credentials_TC_LF_001" time="18.696"/>
  <system-out>
    <![CDATA[method namelogging_valid_credentials_TC_LF_001
method status1]]>
  </system-out>
  <testcase classname="TS_011CHECKOUT_FUNCTIONALITY.TC_CO_009_CHECKOUT_FUNCTIONALITY4" name="validate_product_name_price" time="3.275"/>
  <system-out>
    <![CDATA[method namevalidate_product_name_price
method status1]]>
  </system-out>
  <testcase classname="TS_011CHECKOUT_FUNCTIONALITY.TC_CO_009_CHECKOUT_FUNCTIONALITY4" name="Validate_shopping_cart_to_checkout" time="9.435"/>
  <system-out>
    <![CDATA[method nameValidate_shopping_cart_to_checkout
method status1]]>
  </system-out>
</testsuite> <!-- TS_011CHECKOUT_FUNCTIONALITY.TC_CO_009_CHECKOUT_FUNCTIONALITY4 -->
