<?xml version="1.0" encoding="UTF-8"?>
<!-- Generated by org.testng.reporters.JUnitReportReporter -->
<testsuite hostname="DELL" failures="0" tests="5" name="TS_011CHECKOUT_FUNCTIONALITY.TC_CO_006_CHECKOUT_FUNCTIONALITY6" time="28.039" errors="0" timestamp="2024-05-07T13:48:35 IST" skipped="0">
  <testcase classname="TS_011CHECKOUT_FUNCTIONALITY.TC_CO_006_CHECKOUT_FUNCTIONALITY6" name="address_field_empty" time="7.268"/>
  <system-out>
    <![CDATA[method nameaddress_field_empty
method status1]]>
  </system-out>
  <testcase classname="TS_011CHECKOUT_FUNCTIONALITY.TC_CO_006_CHECKOUT_FUNCTIONALITY6" name="validate_product_name_price" time="4.028"/>
  <system-out>
    <![CDATA[method namevalidate_product_name_price
method status1]]>
  </system-out>
  <testcase classname="TS_011CHECKOUT_FUNCTIONALITY.TC_CO_006_CHECKOUT_FUNCTIONALITY6" name="logging_valid_credentials_TC_LF_001" time="7.955"/>
  <system-out>
    <![CDATA[method namelogging_valid_credentials_TC_LF_001
method status1]]>
  </system-out>
  <testcase classname="TS_011CHECKOUT_FUNCTIONALITY.TC_CO_006_CHECKOUT_FUNCTIONALITY6" name="Validate_shopping_cart_to_checkout" time="5.281"/>
  <system-out>
    <![CDATA[method nameValidate_shopping_cart_to_checkout
method status1]]>
  </system-out>
  <testcase classname="TS_011CHECKOUT_FUNCTIONALITY.TC_CO_006_CHECKOUT_FUNCTIONALITY6" name="success_message_to_shoppingCart" time="3.507"/>
  <system-out>
    <![CDATA[method namesuccess_message_to_shoppingCart
method status1]]>
  </system-out>
</testsuite> <!-- TS_011CHECKOUT_FUNCTIONALITY.TC_CO_006_CHECKOUT_FUNCTIONALITY6 -->
