<?xml version="1.0" encoding="UTF-8"?>
<!-- Generated by org.testng.reporters.JUnitReportReporter -->
<testsuite hostname="DELL" failures="0" tests="2" name="TS_016_ORDER_INFORMATION.TS_OHI__016_006_ORDER_INFORMATION6" time="11.370" errors="0" timestamp="2024-05-07T16:36:18 IST" skipped="0">
  <testcase classname="TS_016_ORDER_INFORMATION.TS_OHI__016_006_ORDER_INFORMATION6" name="logging_valid_credentials_TC_LF_001" time="4.764"/>
  <system-out>
    <![CDATA[method namelogging_valid_credentials_TC_LF_001
method status1]]>
  </system-out>
  <testcase classname="TS_016_ORDER_INFORMATION.TS_OHI__016_006_ORDER_INFORMATION6" name="validate_supported_env" time="6.606"/>
  <system-out>
    <![CDATA[method namevalidate_supported_env
method status1]]>
  </system-out>
</testsuite> <!-- TS_016_ORDER_INFORMATION.TS_OHI__016_006_ORDER_INFORMATION6 -->
