<?xml version="1.0" encoding="UTF-8"?>
<!-- Generated by org.testng.reporters.JUnitReportReporter -->
<testsuite hostname="DELL" failures="0" tests="6" name="TS_013_MY_ACCOUNT.TC_MA_001_MY_ACCOUNT" time="50.321" errors="0" timestamp="2024-05-07T15:11:08 IST" skipped="0">
  <testcase classname="TS_013_MY_ACCOUNT.TC_MA_001_MY_ACCOUNT" name="navigate_checkout_to_my_account" time="6.276"/>
  <system-out>
    <![CDATA[method namenavigate_checkout_to_my_account
method status1]]>
  </system-out>
  <testcase classname="TS_013_MY_ACCOUNT.TC_MA_001_MY_ACCOUNT" name="success_message_to_shoppingCart" time="6.561"/>
  <system-out>
    <![CDATA[method namesuccess_message_to_shoppingCart
method status1]]>
  </system-out>
  <testcase classname="TS_013_MY_ACCOUNT.TC_MA_001_MY_ACCOUNT" name="validate_product_name_price" time="13.316"/>
  <system-out>
    <![CDATA[method namevalidate_product_name_price
method status1]]>
  </system-out>
  <testcase classname="TS_013_MY_ACCOUNT.TC_MA_001_MY_ACCOUNT" name="logging_valid_credentials_TC_LF_001" time="9.910"/>
  <system-out>
    <![CDATA[method namelogging_valid_credentials_TC_LF_001
method status1]]>
  </system-out>
  <testcase classname="TS_013_MY_ACCOUNT.TC_MA_001_MY_ACCOUNT" name="Validate_shopping_cart_to_checkout" time="6.402"/>
  <system-out>
    <![CDATA[method nameValidate_shopping_cart_to_checkout
method status1]]>
  </system-out>
  <testcase classname="TS_013_MY_ACCOUNT.TC_MA_001_MY_ACCOUNT" name="existing_address_checkout" time="7.856"/>
  <system-out>
    <![CDATA[method nameexisting_address_checkout
method status1]]>
  </system-out>
</testsuite> <!-- TS_013_MY_ACCOUNT.TC_MA_001_MY_ACCOUNT -->
