<?xml version="1.0" encoding="UTF-8"?>
<!-- Generated by org.testng.reporters.JUnitReportReporter -->
<testsuite hostname="DELL" failures="0" tests="2" name="TS_016_ORDER_INFORMATION.TS_OHI__016_004_ORDER_INFORMATION4" time="19.938" errors="0" timestamp="2024-05-07T16:36:18 IST" skipped="0">
  <testcase classname="TS_016_ORDER_INFORMATION.TS_OHI__016_004_ORDER_INFORMATION4" name="validate_title_url" time="3.212"/>
  <system-out>
    <![CDATA[method namevalidate_title_url
method status1]]>
  </system-out>
  <testcase classname="TS_016_ORDER_INFORMATION.TS_OHI__016_004_ORDER_INFORMATION4" name="logging_valid_credentials_TC_LF_001" time="16.726"/>
  <system-out>
    <![CDATA[method namelogging_valid_credentials_TC_LF_001
method status1]]>
  </system-out>
</testsuite> <!-- TS_016_ORDER_INFORMATION.TS_OHI__016_004_ORDER_INFORMATION4 -->
