<?xml version="1.0" encoding="UTF-8"?>
<!-- Generated by org.testng.reporters.JUnitReportReporter -->
<testsuite hostname="DELL" failures="0" tests="2" name="TS_014_MY_ACCOUNT_INFORMATION.TC_MAI_009_MY_ACCOUNT_INFORMATION6" time="15.815" errors="0" timestamp="2024-05-07T15:30:48 IST" skipped="0">
  <testcase classname="TS_014_MY_ACCOUNT_INFORMATION.TC_MAI_009_MY_ACCOUNT_INFORMATION6" name="logging_valid_credentials_TC_LF_001" time="7.511"/>
  <system-out>
    <![CDATA[method namelogging_valid_credentials_TC_LF_001
method status1]]>
  </system-out>
  <testcase classname="TS_014_MY_ACCOUNT_INFORMATION.TC_MAI_009_MY_ACCOUNT_INFORMATION6" name="validate_support_environment" time="8.304"/>
  <system-out>
    <![CDATA[method namevalidate_support_environment
method status1]]>
  </system-out>
</testsuite> <!-- TS_014_MY_ACCOUNT_INFORMATION.TC_MAI_009_MY_ACCOUNT_INFORMATION6 -->
