<?xml version="1.0" encoding="UTF-8"?>
<!-- Generated by org.testng.reporters.JUnitReportReporter -->
<testsuite hostname="DELL" failures="0" tests="2" name="TS_015_ORDER_HISTORY.TS_015_001_ORDER_HISTORY" time="7.945" errors="0" timestamp="2024-05-07T15:50:55 IST" skipped="0">
  <testcase classname="TS_015_ORDER_HISTORY.TS_015_001_ORDER_HISTORY" name="logging_valid_credentials_TC_LF_001" time="6.059"/>
  <system-out>
    <![CDATA[method namelogging_valid_credentials_TC_LF_001
method status1]]>
  </system-out>
  <testcase classname="TS_015_ORDER_HISTORY.TS_015_001_ORDER_HISTORY" name="navigate_to_order_history_001" time="1.886"/>
  <system-out>
    <![CDATA[method namenavigate_to_order_history_001
method status1]]>
  </system-out>
</testsuite> <!-- TS_015_ORDER_HISTORY.TS_015_001_ORDER_HISTORY -->
