<?xml version="1.0" encoding="UTF-8"?>
<!-- Generated by org.testng.reporters.JUnitReportReporter -->
<testsuite hostname="DELL" failures="0" tests="2" name="TS_018_CONTECT_US.TC_001_CONTECT_US" time="10.949" errors="0" timestamp="2024-05-07T16:52:24 IST" skipped="0">
  <testcase classname="TS_018_CONTECT_US.TC_001_CONTECT_US" name="navigate_to_contect_us" time="6.642"/>
  <system-out>
    <![CDATA[method namenavigate_to_contect_us
method status1]]>
  </system-out>
  <testcase classname="TS_018_CONTECT_US.TC_001_CONTECT_US" name="logging_valid_credentials_TC_LF_001" time="4.307"/>
  <system-out>
    <![CDATA[method namelogging_valid_credentials_TC_LF_001
method status1]]>
  </system-out>
</testsuite> <!-- TS_018_CONTECT_US.TC_001_CONTECT_US -->
