<?xml version="1.0" encoding="UTF-8"?>
<!-- Generated by org.testng.reporters.JUnitReportReporter -->
<testsuite hostname="DELL" failures="0" tests="3" name="TS_016_ORDER_INFORMATION.TS_OHI__016_002_ORDER_INFORMATION2" time="18.930" errors="0" timestamp="2024-05-07T16:36:18 IST" skipped="0">
  <testcase classname="TS_016_ORDER_INFORMATION.TS_OHI__016_002_ORDER_INFORMATION2" name="logging_valid_credentials_TC_LF_001" time="9.921"/>
  <system-out>
    <![CDATA[method namelogging_valid_credentials_TC_LF_001
method status1]]>
  </system-out>
  <testcase classname="TS_016_ORDER_INFORMATION.TS_OHI__016_002_ORDER_INFORMATION2" name="validate_to_order_again" time="7.235"/>
  <system-out>
    <![CDATA[method namevalidate_to_order_again
method status1]]>
  </system-out>
  <testcase classname="TS_016_ORDER_INFORMATION.TS_OHI__016_002_ORDER_INFORMATION2" name="order_DISPLAYED_002" time="1.774"/>
  <system-out>
    <![CDATA[method nameorder_DISPLAYED_002
method status1]]>
  </system-out>
</testsuite> <!-- TS_016_ORDER_INFORMATION.TS_OHI__016_002_ORDER_INFORMATION2 -->
