<?xml version="1.0" encoding="UTF-8"?>
<!-- Generated by org.testng.reporters.JUnitReportReporter -->
<testsuite hostname="DELL" failures="0" tests="3" name="TS_017_RETURN_ORDER.TC_002_RETURN_ORDER2" time="14.914" errors="0" timestamp="2024-05-07T16:47:53 IST" skipped="0">
  <testcase classname="TS_017_RETURN_ORDER.TC_002_RETURN_ORDER2" name="navigate_to_return_order" time="2.444"/>
  <system-out>
    <![CDATA[method namenavigate_to_return_order
method status1]]>
  </system-out>
  <testcase classname="TS_017_RETURN_ORDER.TC_002_RETURN_ORDER2" name="logging_valid_credentials_TC_LF_001" time="6.856"/>
  <system-out>
    <![CDATA[method namelogging_valid_credentials_TC_LF_001
method status1]]>
  </system-out>
  <testcase classname="TS_017_RETURN_ORDER.TC_002_RETURN_ORDER2" name="validate_to_return_order" time="5.614"/>
  <system-out>
    <![CDATA[method namevalidate_to_return_order
method status1]]>
  </system-out>
</testsuite> <!-- TS_017_RETURN_ORDER.TC_002_RETURN_ORDER2 -->
