<?xml version="1.0" encoding="UTF-8"?>
<!-- Generated by org.testng.reporters.JUnitReportReporter -->
<testsuite hostname="DELL" failures="0" tests="2" name="TS_014_MY_ACCOUNT_INFORMATION.TC_MAI_003_MY_ACCOUNT_INFORMATION2" time="12.546" errors="0" timestamp="2024-05-07T15:21:33 IST" skipped="0">
  <testcase classname="TS_014_MY_ACCOUNT_INFORMATION.TC_MAI_003_MY_ACCOUNT_INFORMATION2" name="make_empty_my_account_info" time="3.732"/>
  <system-out>
    <![CDATA[method namemake_empty_my_account_info
method status1]]>
  </system-out>
  <testcase classname="TS_014_MY_ACCOUNT_INFORMATION.TC_MAI_003_MY_ACCOUNT_INFORMATION2" name="logging_valid_credentials_TC_LF_001" time="8.814"/>
  <system-out>
    <![CDATA[method namelogging_valid_credentials_TC_LF_001
method status1]]>
  </system-out>
</testsuite> <!-- TS_014_MY_ACCOUNT_INFORMATION.TC_MAI_003_MY_ACCOUNT_INFORMATION2 -->
