<?xml version="1.0" encoding="UTF-8"?>
<!-- Generated by org.testng.reporters.JUnitReportReporter -->
<testsuite hostname="DELL" failures="0" tests="3" name="TS_012_CHANGE_PASSWORD.TC_006_CHANGE_PASSWORD_FUNCTIONALITY3" time="32.888" errors="0" timestamp="2024-05-07T14:37:07 IST" skipped="0">
  <testcase classname="TS_012_CHANGE_PASSWORD.TC_006_CHANGE_PASSWORD_FUNCTIONALITY3" name="navigate_to_change_password_page" time="12.979"/>
  <system-out>
    <![CDATA[method namenavigate_to_change_password_page
method status1]]>
  </system-out>
  <testcase classname="TS_012_CHANGE_PASSWORD.TC_006_CHANGE_PASSWORD_FUNCTIONALITY3" name="logging_valid_credentials_TC_LF_001" time="11.926"/>
  <system-out>
    <![CDATA[method namelogging_valid_credentials_TC_LF_001
method status1]]>
  </system-out>
  <testcase classname="TS_012_CHANGE_PASSWORD.TC_006_CHANGE_PASSWORD_FUNCTIONALITY3" name="validate_change_password_toggle_hide" time="7.983"/>
  <system-out>
    <![CDATA[method namevalidate_change_password_toggle_hide
method status1]]>
  </system-out>
</testsuite> <!-- TS_012_CHANGE_PASSWORD.TC_006_CHANGE_PASSWORD_FUNCTIONALITY3 -->
