<?xml version="1.0" encoding="UTF-8"?>
<!-- Generated by org.testng.reporters.JUnitReportReporter -->
<testsuite hostname="DELL" failures="0" tests="4" name="TS_010_SHOPPING_CART_FUNCTIONALITY.TC_SC_005_SHOPPINGCART_FUNCTIONALITY3" time="54.081" errors="0" timestamp="2024-05-07T09:11:35 IST" skipped="0">
  <testcase classname="TS_010_SHOPPING_CART_FUNCTIONALITY.TC_SC_005_SHOPPINGCART_FUNCTIONALITY3" name="success_message_to_shoppingCart" time="14.266"/>
  <system-out>
    <![CDATA[method namesuccess_message_to_shoppingCart
method status1]]>
  </system-out>
  <testcase classname="TS_010_SHOPPING_CART_FUNCTIONALITY.TC_SC_005_SHOPPINGCART_FUNCTIONALITY3" name="logging_valid_credentials_TC_LF_001" time="11.083"/>
  <system-out>
    <![CDATA[method namelogging_valid_credentials_TC_LF_001
method status1]]>
  </system-out>
  <testcase classname="TS_010_SHOPPING_CART_FUNCTIONALITY.TC_SC_005_SHOPPINGCART_FUNCTIONALITY3" name="Validate_update_Quantity_of_product" time="14.182"/>
  <system-out>
    <![CDATA[method nameValidate_update_Quantity_of_product
method status1]]>
  </system-out>
  <testcase classname="TS_010_SHOPPING_CART_FUNCTIONALITY.TC_SC_005_SHOPPINGCART_FUNCTIONALITY3" name="validate_product_name_price" time="14.550"/>
  <system-out>
    <![CDATA[method namevalidate_product_name_price
method status1]]>
  </system-out>
</testsuite> <!-- TS_010_SHOPPING_CART_FUNCTIONALITY.TC_SC_005_SHOPPINGCART_FUNCTIONALITY3 -->
