<?xml version="1.0" encoding="UTF-8"?>
<!-- Generated by org.testng.reporters.JUnitReportReporter -->
<testsuite hostname="DELL" failures="0" tests="5" name="TS_011CHECKOUT_FUNCTIONALITY.TC_CO_002_CHECKOUT_FUNCTIONALITY2" time="25.502" errors="0" timestamp="2024-05-07T11:53:53 IST" skipped="0">
  <testcase classname="TS_011CHECKOUT_FUNCTIONALITY.TC_CO_002_CHECKOUT_FUNCTIONALITY2" name="success_message_to_shoppingCart" time="3.345"/>
  <system-out>
    <![CDATA[method namesuccess_message_to_shoppingCart
method status1]]>
  </system-out>
  <testcase classname="TS_011CHECKOUT_FUNCTIONALITY.TC_CO_002_CHECKOUT_FUNCTIONALITY2" name="logging_valid_credentials_TC_LF_001" time="11.683"/>
  <system-out>
    <![CDATA[method namelogging_valid_credentials_TC_LF_001
method status1]]>
  </system-out>
  <testcase classname="TS_011CHECKOUT_FUNCTIONALITY.TC_CO_002_CHECKOUT_FUNCTIONALITY2" name="navigate_checkout_from_shopping_cart" time="3.248"/>
  <system-out>
    <![CDATA[method namenavigate_checkout_from_shopping_cart
method status1]]>
  </system-out>
  <testcase classname="TS_011CHECKOUT_FUNCTIONALITY.TC_CO_002_CHECKOUT_FUNCTIONALITY2" name="validate_product_name_price" time="3.188"/>
  <system-out>
    <![CDATA[method namevalidate_product_name_price
method status1]]>
  </system-out>
  <testcase classname="TS_011CHECKOUT_FUNCTIONALITY.TC_CO_002_CHECKOUT_FUNCTIONALITY2" name="Validate_shopping_cart_to_checkout" time="4.038"/>
  <system-out>
    <![CDATA[method nameValidate_shopping_cart_to_checkout
method status1]]>
  </system-out>
</testsuite> <!-- TS_011CHECKOUT_FUNCTIONALITY.TC_CO_002_CHECKOUT_FUNCTIONALITY2 -->
