<?xml version="1.0" encoding="UTF-8"?>
<!-- Generated by org.testng.reporters.JUnitReportReporter -->
<testsuite hostname="DELL" failures="0" tests="3" name="TS_012_CHANGE_PASSWORD.TC_007_CHANGE_PASSWORD_FUNCTIONALITY4" time="23.118" errors="0" timestamp="2024-05-07T14:37:07 IST" skipped="0">
  <testcase classname="TS_012_CHANGE_PASSWORD.TC_007_CHANGE_PASSWORD_FUNCTIONALITY4" name="validate_change_password_back_button" time="7.034"/>
  <system-out>
    <![CDATA[method namevalidate_change_password_back_button
method status1]]>
  </system-out>
  <testcase classname="TS_012_CHANGE_PASSWORD.TC_007_CHANGE_PASSWORD_FUNCTIONALITY4" name="navigate_to_change_password_page" time="8.224"/>
  <system-out>
    <![CDATA[method namenavigate_to_change_password_page
method status1]]>
  </system-out>
  <testcase classname="TS_012_CHANGE_PASSWORD.TC_007_CHANGE_PASSWORD_FUNCTIONALITY4" name="logging_valid_credentials_TC_LF_001" time="7.860"/>
  <system-out>
    <![CDATA[method namelogging_valid_credentials_TC_LF_001
method status1]]>
  </system-out>
</testsuite> <!-- TS_012_CHANGE_PASSWORD.TC_007_CHANGE_PASSWORD_FUNCTIONALITY4 -->
