<?xml version="1.0" encoding="UTF-8"?>
<!-- Generated by org.testng.reporters.JUnitReportReporter -->
<testsuite hostname="DELL" failures="0" tests="2" name="TS_014_MY_ACCOUNT_INFORMATION.TC_MAI_006_MY_ACCOUNT_INFORMATION4" time="12.045" errors="0" timestamp="2024-05-07T15:30:48 IST" skipped="0">
  <testcase classname="TS_014_MY_ACCOUNT_INFORMATION.TC_MAI_006_MY_ACCOUNT_INFORMATION4" name="logging_valid_credentials_TC_LF_001" time="4.940"/>
  <system-out>
    <![CDATA[method namelogging_valid_credentials_TC_LF_001
method status1]]>
  </system-out>
  <testcase classname="TS_014_MY_ACCOUNT_INFORMATION.TC_MAI_006_MY_ACCOUNT_INFORMATION4" name="verify_backButton" time="7.105"/>
  <system-out>
    <![CDATA[method nameverify_backButton
method status1]]>
  </system-out>
</testsuite> <!-- TS_014_MY_ACCOUNT_INFORMATION.TC_MAI_006_MY_ACCOUNT_INFORMATION4 -->
