<?xml version="1.0" encoding="UTF-8"?>
<!-- Generated by org.testng.reporters.JUnitReportReporter -->
<testsuite hostname="DELL" failures="0" tests="2" name="TS_014_MY_ACCOUNT_INFORMATION.TC_MAI_002_MY_ACCOUNT_INFORMATION2" time="16.652" errors="0" timestamp="2024-05-07T15:21:33 IST" skipped="0">
  <testcase classname="TS_014_MY_ACCOUNT_INFORMATION.TC_MAI_002_MY_ACCOUNT_INFORMATION2" name="my_account_to_my_account_info" time="6.008"/>
  <system-out>
    <![CDATA[method namemy_account_to_my_account_info
method status1]]>
  </system-out>
  <testcase classname="TS_014_MY_ACCOUNT_INFORMATION.TC_MAI_002_MY_ACCOUNT_INFORMATION2" name="logging_valid_credentials_TC_LF_001" time="10.644"/>
  <system-out>
    <![CDATA[method namelogging_valid_credentials_TC_LF_001
method status1]]>
  </system-out>
</testsuite> <!-- TS_014_MY_ACCOUNT_INFORMATION.TC_MAI_002_MY_ACCOUNT_INFORMATION2 -->
