<?xml version="1.0" encoding="UTF-8"?>
<!-- Generated by org.testng.reporters.JUnitReportReporter -->
<testsuite hostname="DELL" failures="0" tests="3" name="TS_017_RETURN_ORDER.TC_001_RETURN_ORDER" time="13.404" errors="0" timestamp="2024-05-07T16:47:53 IST" skipped="0">
  <testcase classname="TS_017_RETURN_ORDER.TC_001_RETURN_ORDER" name="validate_to_return_order" time="4.016"/>
  <system-out>
    <![CDATA[method namevalidate_to_return_order
method status1]]>
  </system-out>
  <testcase classname="TS_017_RETURN_ORDER.TC_001_RETURN_ORDER" name="navigate_to_return_order" time="4.026"/>
  <system-out>
    <![CDATA[method namenavigate_to_return_order
method status1]]>
  </system-out>
  <testcase classname="TS_017_RETURN_ORDER.TC_001_RETURN_ORDER" name="logging_valid_credentials_TC_LF_001" time="5.362"/>
  <system-out>
    <![CDATA[method namelogging_valid_credentials_TC_LF_001
method status1]]>
  </system-out>
</testsuite> <!-- TS_017_RETURN_ORDER.TC_001_RETURN_ORDER -->
