<?xml version="1.0" encoding="UTF-8"?>
<!-- Generated by org.testng.reporters.JUnitReportReporter -->
<testsuite hostname="DELL" failures="0" tests="3" name="TS_016_ORDER_INFORMATION.TS_OHI__016_001_ORDER_INFORMATION" time="23.682" errors="0" timestamp="2024-05-07T16:36:18 IST" skipped="0">
  <testcase classname="TS_016_ORDER_INFORMATION.TS_OHI__016_001_ORDER_INFORMATION" name="order_DISPLAYED_002" time="4.987"/>
  <system-out>
    <![CDATA[method nameorder_DISPLAYED_002
method status1]]>
  </system-out>
  <testcase classname="TS_016_ORDER_INFORMATION.TS_OHI__016_001_ORDER_INFORMATION" name="logging_valid_credentials_TC_LF_001" time="8.371"/>
  <system-out>
    <![CDATA[method namelogging_valid_credentials_TC_LF_001
method status1]]>
  </system-out>
  <testcase classname="TS_016_ORDER_INFORMATION.TS_OHI__016_001_ORDER_INFORMATION" name="navigate_to_order_info" time="10.324"/>
  <system-out>
    <![CDATA[method namenavigate_to_order_info
method status1]]>
  </system-out>
</testsuite> <!-- TS_016_ORDER_INFORMATION.TS_OHI__016_001_ORDER_INFORMATION -->
