<?xml version="1.0" encoding="UTF-8"?>
<!-- Generated by org.testng.reporters.JUnitReportReporter -->
<testsuite hostname="DELL" failures="0" tests="2" name="TS_018_CONTECT_US.TC_002_CONTECT_US2" time="9.374" errors="0" timestamp="2024-05-07T16:52:24 IST" skipped="0">
  <testcase classname="TS_018_CONTECT_US.TC_002_CONTECT_US2" name="logging_valid_credentials_TC_LF_001" time="3.666"/>
  <system-out>
    <![CDATA[method namelogging_valid_credentials_TC_LF_001
method status1]]>
  </system-out>
  <testcase classname="TS_018_CONTECT_US.TC_002_CONTECT_US2" name="validate_contect_us_details" time="5.708"/>
  <system-out>
    <![CDATA[method namevalidate_contect_us_details
method status1]]>
  </system-out>
</testsuite> <!-- TS_018_CONTECT_US.TC_002_CONTECT_US2 -->
