<?xml version="1.0" encoding="UTF-8"?>
<!-- Generated by org.testng.reporters.JUnitReportReporter -->
<testsuite hostname="DELL" failures="0" tests="2" name="TS_018_CONTECT_US.TC_005_CONTECT_US3" time="10.847" errors="0" timestamp="2024-05-07T16:52:24 IST" skipped="0">
  <testcase classname="TS_018_CONTECT_US.TC_005_CONTECT_US3" name="logging_valid_credentials_TC_LF_001" time="3.926"/>
  <system-out>
    <![CDATA[method namelogging_valid_credentials_TC_LF_001
method status1]]>
  </system-out>
  <testcase classname="TS_018_CONTECT_US.TC_005_CONTECT_US3" name="validate_support_env" time="6.921"/>
  <system-out>
    <![CDATA[method namevalidate_support_env
method status1]]>
  </system-out>
</testsuite> <!-- TS_018_CONTECT_US.TC_005_CONTECT_US3 -->
