<?xml version="1.0" encoding="UTF-8"?>
<!-- Generated by org.testng.reporters.JUnitReportReporter -->
<testsuite hostname="DELL" failures="0" tests="7" name="TS_013_MY_ACCOUNT.TC_MA_003_MY_ACCOUNT2" time="85.473" errors="0" timestamp="2024-05-07T15:11:08 IST" skipped="0">
  <testcase classname="TS_013_MY_ACCOUNT.TC_MA_003_MY_ACCOUNT2" name="Validate_shopping_cart_to_checkout" time="16.559"/>
  <system-out>
    <![CDATA[method nameValidate_shopping_cart_to_checkout
method status1]]>
  </system-out>
  <testcase classname="TS_013_MY_ACCOUNT.TC_MA_003_MY_ACCOUNT2" name="validate_product_name_price" time="13.687"/>
  <system-out>
    <![CDATA[method namevalidate_product_name_price
method status1]]>
  </system-out>
  <testcase classname="TS_013_MY_ACCOUNT.TC_MA_003_MY_ACCOUNT2" name="existing_address_checkout" time="10.272"/>
  <system-out>
    <![CDATA[method nameexisting_address_checkout
method status1]]>
  </system-out>
  <testcase classname="TS_013_MY_ACCOUNT.TC_MA_003_MY_ACCOUNT2" name="logging_valid_credentials_TC_LF_001" time="17.385"/>
  <system-out>
    <![CDATA[method namelogging_valid_credentials_TC_LF_001
method status1]]>
  </system-out>
  <testcase classname="TS_013_MY_ACCOUNT.TC_MA_003_MY_ACCOUNT2" name="validate_title_url" time="7.918"/>
  <system-out>
    <![CDATA[method namevalidate_title_url
method status1]]>
  </system-out>
  <testcase classname="TS_013_MY_ACCOUNT.TC_MA_003_MY_ACCOUNT2" name="success_message_to_shoppingCart" time="9.916"/>
  <system-out>
    <![CDATA[method namesuccess_message_to_shoppingCart
method status1]]>
  </system-out>
  <testcase classname="TS_013_MY_ACCOUNT.TC_MA_003_MY_ACCOUNT2" name="navigate_checkout_to_my_account" time="9.736"/>
  <system-out>
    <![CDATA[method namenavigate_checkout_to_my_account
method status1]]>
  </system-out>
</testsuite> <!-- TS_013_MY_ACCOUNT.TC_MA_003_MY_ACCOUNT2 -->
