<?xml version="1.0" encoding="UTF-8"?>
<!-- Generated by org.testng.reporters.JUnitReportReporter -->
<testsuite hostname="DELL" failures="0" tests="4" name="TS_011CHECKOUT_FUNCTIONALITY.TC_CO_004_CHECKOUT_FUNCTIONALITY4" time="132.345" errors="0" timestamp="2024-05-07T13:41:06 IST" skipped="0">
  <testcase classname="TS_011CHECKOUT_FUNCTIONALITY.TC_CO_004_CHECKOUT_FUNCTIONALITY4" name="validate_product_name_price" time="41.731"/>
  <system-out>
    <![CDATA[method namevalidate_product_name_price
method status1]]>
  </system-out>
  <testcase classname="TS_011CHECKOUT_FUNCTIONALITY.TC_CO_004_CHECKOUT_FUNCTIONALITY4" name="checkout_page" time="42.226"/>
  <system-out>
    <![CDATA[method namecheckout_page
method status1]]>
  </system-out>
  <testcase classname="TS_011CHECKOUT_FUNCTIONALITY.TC_CO_004_CHECKOUT_FUNCTIONALITY4" name="existing_address_checkout" time="38.091"/>
  <system-out>
    <![CDATA[method nameexisting_address_checkout
method status1]]>
  </system-out>
  <testcase classname="TS_011CHECKOUT_FUNCTIONALITY.TC_CO_004_CHECKOUT_FUNCTIONALITY4" name="logging_valid_credentials_TC_LF_001" time="10.297"/>
  <system-out>
    <![CDATA[method namelogging_valid_credentials_TC_LF_001
method status1]]>
  </system-out>
</testsuite> <!-- TS_011CHECKOUT_FUNCTIONALITY.TC_CO_004_CHECKOUT_FUNCTIONALITY4 -->
