<?xml version="1.0" encoding="UTF-8"?>
<!-- Generated by org.testng.reporters.JUnitReportReporter -->
<testsuite hostname="DELL" failures="0" tests="5" name="TS_011CHECKOUT_FUNCTIONALITY.TC_CO_003_CHECKOUT_FUNCTIONALITY3" time="24.214" errors="0" timestamp="2024-05-07T13:22:55 IST" skipped="0">
  <testcase classname="TS_011CHECKOUT_FUNCTIONALITY.TC_CO_003_CHECKOUT_FUNCTIONALITY3" name="existing_address_checkout" time="3.817"/>
  <system-out>
    <![CDATA[method nameexisting_address_checkout
method status1]]>
  </system-out>
  <testcase classname="TS_011CHECKOUT_FUNCTIONALITY.TC_CO_003_CHECKOUT_FUNCTIONALITY3" name="logging_valid_credentials_TC_LF_001" time="6.672"/>
  <system-out>
    <![CDATA[method namelogging_valid_credentials_TC_LF_001
method status1]]>
  </system-out>
  <testcase classname="TS_011CHECKOUT_FUNCTIONALITY.TC_CO_003_CHECKOUT_FUNCTIONALITY3" name="validate_product_name_price" time="4.186"/>
  <system-out>
    <![CDATA[method namevalidate_product_name_price
method status1]]>
  </system-out>
  <testcase classname="TS_011CHECKOUT_FUNCTIONALITY.TC_CO_003_CHECKOUT_FUNCTIONALITY3" name="Validate_shopping_cart_to_checkout" time="4.015"/>
  <system-out>
    <![CDATA[method nameValidate_shopping_cart_to_checkout
method status1]]>
  </system-out>
  <testcase classname="TS_011CHECKOUT_FUNCTIONALITY.TC_CO_003_CHECKOUT_FUNCTIONALITY3" name="success_message_to_shoppingCart" time="5.524"/>
  <system-out>
    <![CDATA[method namesuccess_message_to_shoppingCart
method status1]]>
  </system-out>
</testsuite> <!-- TS_011CHECKOUT_FUNCTIONALITY.TC_CO_003_CHECKOUT_FUNCTIONALITY3 -->
