<?xml version="1.0" encoding="UTF-8"?>
<!-- Generated by org.testng.reporters.JUnitReportReporter -->
<testsuite hostname="DELL" failures="0" tests="2" name="TS_012_CHANGE_PASSWORD.TC_001_CHANGE_PASSWORD_FUNCTIONALITY" time="19.393" errors="0" timestamp="2024-05-07T14:30:46 IST" skipped="0">
  <testcase classname="TS_012_CHANGE_PASSWORD.TC_001_CHANGE_PASSWORD_FUNCTIONALITY" name="navigate_to_change_password_page" time="7.424"/>
  <system-out>
    <![CDATA[method namenavigate_to_change_password_page
method status1]]>
  </system-out>
  <testcase classname="TS_012_CHANGE_PASSWORD.TC_001_CHANGE_PASSWORD_FUNCTIONALITY" name="logging_valid_credentials_TC_LF_001" time="11.969"/>
  <system-out>
    <![CDATA[method namelogging_valid_credentials_TC_LF_001
method status1]]>
  </system-out>
</testsuite> <!-- TS_012_CHANGE_PASSWORD.TC_001_CHANGE_PASSWORD_FUNCTIONALITY -->
