<?xml version="1.0" encoding="UTF-8"?>
<!-- Generated by org.testng.reporters.JUnitReportReporter -->
<testsuite hostname="DELL" failures="0" tests="3" name="TS_012_CHANGE_PASSWORD.TC_009_CHANGE_PASSWORD_FUNCTIONALITY5" time="19.699" errors="0" timestamp="2024-05-07T14:37:07 IST" skipped="0">
  <testcase classname="TS_012_CHANGE_PASSWORD.TC_009_CHANGE_PASSWORD_FUNCTIONALITY5" name="logging_valid_credentials_TC_LF_001" time="6.485"/>
  <system-out>
    <![CDATA[method namelogging_valid_credentials_TC_LF_001
method status1]]>
  </system-out>
  <testcase classname="TS_012_CHANGE_PASSWORD.TC_009_CHANGE_PASSWORD_FUNCTIONALITY5" name="Ui_enter_change_password" time="4.578"/>
  <system-out>
    <![CDATA[method nameUi_enter_change_password
method status1]]>
  </system-out>
  <testcase classname="TS_012_CHANGE_PASSWORD.TC_009_CHANGE_PASSWORD_FUNCTIONALITY5" name="navigate_to_change_password_page" time="8.636"/>
  <system-out>
    <![CDATA[method namenavigate_to_change_password_page
method status1]]>
  </system-out>
</testsuite> <!-- TS_012_CHANGE_PASSWORD.TC_009_CHANGE_PASSWORD_FUNCTIONALITY5 -->
