<?xml version="1.0" encoding="UTF-8"?>
<!-- Generated by org.testng.reporters.JUnitReportReporter -->
<testsuite hostname="DELL" failures="0" tests="4" name="TS_010_SHOPPING_CART_FUNCTIONALITY.TC_SC_009_SHOPPINGCART_FUNCTIONALITY3" time="24.983" errors="0" timestamp="2024-05-07T11:24:15 IST" skipped="0">
  <testcase classname="TS_010_SHOPPING_CART_FUNCTIONALITY.TC_SC_009_SHOPPINGCART_FUNCTIONALITY3" name="validate_product_name_price" time="5.438"/>
  <system-out>
    <![CDATA[method namevalidate_product_name_price
method status1]]>
  </system-out>
  <testcase classname="TS_010_SHOPPING_CART_FUNCTIONALITY.TC_SC_009_SHOPPINGCART_FUNCTIONALITY3" name="Validate_shopping_cart_to_checkout" time="4.474"/>
  <system-out>
    <![CDATA[method nameValidate_shopping_cart_to_checkout
method status1]]>
  </system-out>
  <testcase classname="TS_010_SHOPPING_CART_FUNCTIONALITY.TC_SC_009_SHOPPINGCART_FUNCTIONALITY3" name="logging_valid_credentials_TC_LF_001" time="5.196"/>
  <system-out>
    <![CDATA[method namelogging_valid_credentials_TC_LF_001
method status1]]>
  </system-out>
  <testcase classname="TS_010_SHOPPING_CART_FUNCTIONALITY.TC_SC_009_SHOPPINGCART_FUNCTIONALITY3" name="success_message_to_shoppingCart" time="9.875"/>
  <system-out>
    <![CDATA[method namesuccess_message_to_shoppingCart
method status1]]>
  </system-out>
</testsuite> <!-- TS_010_SHOPPING_CART_FUNCTIONALITY.TC_SC_009_SHOPPINGCART_FUNCTIONALITY3 -->
