<?xml version="1.0" encoding="UTF-8"?>
<!-- Generated by org.testng.reporters.JUnitReportReporter -->
<testsuite hostname="DELL" failures="0" tests="3" name="TS_012_CHANGE_PASSWORD.TC_004_CHANGE_PASSWORD_FUNCTIONALITY3" time="22.082" errors="0" timestamp="2024-05-07T14:30:46 IST" skipped="0">
  <testcase classname="TS_012_CHANGE_PASSWORD.TC_004_CHANGE_PASSWORD_FUNCTIONALITY3" name="validate_enter_different_change_password" time="10.209"/>
  <system-out>
    <![CDATA[method namevalidate_enter_different_change_password
method status1]]>
  </system-out>
  <testcase classname="TS_012_CHANGE_PASSWORD.TC_004_CHANGE_PASSWORD_FUNCTIONALITY3" name="logging_valid_credentials_TC_LF_001" time="9.658"/>
  <system-out>
    <![CDATA[method namelogging_valid_credentials_TC_LF_001
method status1]]>
  </system-out>
  <testcase classname="TS_012_CHANGE_PASSWORD.TC_004_CHANGE_PASSWORD_FUNCTIONALITY3" name="navigate_to_change_password_page" time="2.215"/>
  <system-out>
    <![CDATA[method namenavigate_to_change_password_page
method status1]]>
  </system-out>
</testsuite> <!-- TS_012_CHANGE_PASSWORD.TC_004_CHANGE_PASSWORD_FUNCTIONALITY3 -->
