<?xml version="1.0" encoding="UTF-8"?>
<!-- Generated by org.testng.reporters.JUnitReportReporter -->
<testsuite hostname="DELL" failures="0" tests="2" name="TS_013_MY_ACCOUNT.TC_MA_002_MY_ACCOUNT2" time="34.522" errors="0" timestamp="2024-05-07T15:11:08 IST" skipped="0">
  <testcase classname="TS_013_MY_ACCOUNT.TC_MA_002_MY_ACCOUNT2" name="logging_invalid_credentials_TC_LF_002" time="18.627"/>
  <system-out>
    <![CDATA[method namelogging_invalid_credentials_TC_LF_002
method status1]]>
  </system-out>
  <testcase classname="TS_013_MY_ACCOUNT.TC_MA_002_MY_ACCOUNT2" name="navigate_tologin_from_my_account" time="15.895"/>
  <system-out>
    <![CDATA[method namenavigate_tologin_from_my_account
method status1]]>
  </system-out>
</testsuite> <!-- TS_013_MY_ACCOUNT.TC_MA_002_MY_ACCOUNT2 -->
