<?xml version="1.0" encoding="UTF-8"?>
<!-- Generated by org.testng.reporters.JUnitReportReporter -->
<testsuite hostname="DELL" failures="0" tests="2" name="TS_016_ORDER_INFORMATION.TS_OHI__016_005_ORDER_INFORMATION5" time="18.402" errors="0" timestamp="2024-05-07T16:36:18 IST" skipped="0">
  <testcase classname="TS_016_ORDER_INFORMATION.TS_OHI__016_005_ORDER_INFORMATION5" name="validate_ui" time="10.312"/>
  <system-out>
    <![CDATA[method namevalidate_ui
method status1]]>
  </system-out>
  <testcase classname="TS_016_ORDER_INFORMATION.TS_OHI__016_005_ORDER_INFORMATION5" name="logging_valid_credentials_TC_LF_001" time="8.090"/>
  <system-out>
    <![CDATA[method namelogging_valid_credentials_TC_LF_001
method status1]]>
  </system-out>
</testsuite> <!-- TS_016_ORDER_INFORMATION.TS_OHI__016_005_ORDER_INFORMATION5 -->
