<?xml version="1.0" encoding="UTF-8"?>
<!-- Generated by org.testng.reporters.JUnitReportReporter -->
<testsuite hostname="DELL" failures="0" tests="2" name="TS_015_ORDER_HISTORY.TS_015_007_ORDER_HISTORY6" time="16.194" errors="0" timestamp="2024-05-07T15:50:55 IST" skipped="0">
  <testcase classname="TS_015_ORDER_HISTORY.TS_015_007_ORDER_HISTORY6" name="logging_valid_credentials_TC_LF_001" time="10.009"/>
  <system-out>
    <![CDATA[method namelogging_valid_credentials_TC_LF_001
method status1]]>
  </system-out>
  <testcase classname="TS_015_ORDER_HISTORY.TS_015_007_ORDER_HISTORY6" name="supported_env" time="6.185"/>
  <system-out>
    <![CDATA[method namesupported_env
method status1]]>
  </system-out>
</testsuite> <!-- TS_015_ORDER_HISTORY.TS_015_007_ORDER_HISTORY6 -->
