<?xml version="1.0" encoding="UTF-8"?>
<!-- Generated by org.testng.reporters.JUnitReportReporter -->
<testsuite hostname="DELL" failures="0" tests="6" name="TS_011CHECKOUT_FUNCTIONALITY.TC_CO_007_CHECKOUT_FUNCTIONALITY7" time="22.797" errors="0" timestamp="2024-05-07T13:48:34 IST" skipped="0">
  <testcase classname="TS_011CHECKOUT_FUNCTIONALITY.TC_CO_007_CHECKOUT_FUNCTIONALITY7" name="existing_address_checkout" time="3.344"/>
  <system-out>
    <![CDATA[method nameexisting_address_checkout
method status1]]>
  </system-out>
  <testcase classname="TS_011CHECKOUT_FUNCTIONALITY.TC_CO_007_CHECKOUT_FUNCTIONALITY7" name="address_field_filled" time="1.914"/>
  <system-out>
    <![CDATA[method nameaddress_field_filled
method status1]]>
  </system-out>
  <testcase classname="TS_011CHECKOUT_FUNCTIONALITY.TC_CO_007_CHECKOUT_FUNCTIONALITY7" name="success_message_to_shoppingCart" time="3.773"/>
  <system-out>
    <![CDATA[method namesuccess_message_to_shoppingCart
method status1]]>
  </system-out>
  <testcase classname="TS_011CHECKOUT_FUNCTIONALITY.TC_CO_007_CHECKOUT_FUNCTIONALITY7" name="Validate_shopping_cart_to_checkout" time="3.524"/>
  <system-out>
    <![CDATA[method nameValidate_shopping_cart_to_checkout
method status1]]>
  </system-out>
  <testcase classname="TS_011CHECKOUT_FUNCTIONALITY.TC_CO_007_CHECKOUT_FUNCTIONALITY7" name="validate_product_name_price" time="4.538"/>
  <system-out>
    <![CDATA[method namevalidate_product_name_price
method status1]]>
  </system-out>
  <testcase classname="TS_011CHECKOUT_FUNCTIONALITY.TC_CO_007_CHECKOUT_FUNCTIONALITY7" name="logging_valid_credentials_TC_LF_001" time="5.704"/>
  <system-out>
    <![CDATA[method namelogging_valid_credentials_TC_LF_001
method status1]]>
  </system-out>
</testsuite> <!-- TS_011CHECKOUT_FUNCTIONALITY.TC_CO_007_CHECKOUT_FUNCTIONALITY7 -->
