<?xml version="1.0" encoding="UTF-8"?>
<!-- Generated by org.testng.reporters.JUnitReportReporter -->
<testsuite hostname="DELL" failures="0" tests="4" name="TS_011CHECKOUT_FUNCTIONALITY.TC_CO_001_CHECKOUT_FUNCTIONALITY" time="48.408" errors="0" timestamp="2024-05-07T11:53:53 IST" skipped="0">
  <testcase classname="TS_011CHECKOUT_FUNCTIONALITY.TC_CO_001_CHECKOUT_FUNCTIONALITY" name="shoppingcart_to_checkout_whitout_add_product" time="14.699"/>
  <system-out>
    <![CDATA[method nameshoppingcart_to_checkout_whitout_add_product
method status1]]>
  </system-out>
  <testcase classname="TS_011CHECKOUT_FUNCTIONALITY.TC_CO_001_CHECKOUT_FUNCTIONALITY" name="without_select_product_shoppingCart" time="24.521"/>
  <system-out>
    <![CDATA[method namewithout_select_product_shoppingCart
method status1]]>
  </system-out>
  <testcase classname="TS_011CHECKOUT_FUNCTIONALITY.TC_CO_001_CHECKOUT_FUNCTIONALITY" name="validate_product_name_price" time="1.388"/>
  <system-out>
    <![CDATA[method namevalidate_product_name_price
method status1]]>
  </system-out>
  <testcase classname="TS_011CHECKOUT_FUNCTIONALITY.TC_CO_001_CHECKOUT_FUNCTIONALITY" name="logging_valid_credentials_TC_LF_001" time="7.800"/>
  <system-out>
    <![CDATA[method namelogging_valid_credentials_TC_LF_001
method status1]]>
  </system-out>
</testsuite> <!-- TS_011CHECKOUT_FUNCTIONALITY.TC_CO_001_CHECKOUT_FUNCTIONALITY -->
