<?xml version="1.0" encoding="UTF-8"?>
<!-- Generated by org.testng.reporters.JUnitReportReporter -->
<testsuite hostname="DELL" failures="0" tests="2" name="TS_014_MY_ACCOUNT_INFORMATION.TC_MAI_007_MY_ACCOUNT_INFORMATION5" time="14.749" errors="0" timestamp="2024-05-07T15:30:48 IST" skipped="0">
  <testcase classname="TS_014_MY_ACCOUNT_INFORMATION.TC_MAI_007_MY_ACCOUNT_INFORMATION5" name="logging_valid_credentials_TC_LF_001" time="6.834"/>
  <system-out>
    <![CDATA[method namelogging_valid_credentials_TC_LF_001
method status1]]>
  </system-out>
  <testcase classname="TS_014_MY_ACCOUNT_INFORMATION.TC_MAI_007_MY_ACCOUNT_INFORMATION5" name="validate_title_url" time="7.915"/>
  <system-out>
    <![CDATA[method namevalidate_title_url
method status1]]>
  </system-out>
</testsuite> <!-- TS_014_MY_ACCOUNT_INFORMATION.TC_MAI_007_MY_ACCOUNT_INFORMATION5 -->
