<?xml version="1.0" encoding="UTF-8"?>
<!-- Generated by org.testng.reporters.JUnitReportReporter -->
<testsuite hostname="DELL" failures="0" tests="2" name="TS_015_ORDER_HISTORY.TS_015_003_ORDER_HISTORY3" time="9.855" errors="0" timestamp="2024-05-07T15:50:55 IST" skipped="0">
  <testcase classname="TS_015_ORDER_HISTORY.TS_015_003_ORDER_HISTORY3" name="logging_valid_credentials_TC_LF_001" time="2.551"/>
  <system-out>
    <![CDATA[method namelogging_valid_credentials_TC_LF_001
method status1]]>
  </system-out>
  <testcase classname="TS_015_ORDER_HISTORY.TS_015_003_ORDER_HISTORY3" name="order_DISPLAYED_002" time="7.304"/>
  <system-out>
    <![CDATA[method nameorder_DISPLAYED_002
method status1]]>
  </system-out>
</testsuite> <!-- TS_015_ORDER_HISTORY.TS_015_003_ORDER_HISTORY3 -->
