<?xml version="1.0" encoding="UTF-8"?>
<!-- Generated by org.testng.reporters.JUnitReportReporter -->
<testsuite hostname="DELL" failures="0" tests="6" name="TS_013_MY_ACCOUNT.TC_MA_004_MY_ACCOUNT2" time="39.985" errors="0" timestamp="2024-05-07T15:11:08 IST" skipped="0">
  <testcase classname="TS_013_MY_ACCOUNT.TC_MA_004_MY_ACCOUNT2" name="existing_address_checkout" time="7.594"/>
  <system-out>
    <![CDATA[method nameexisting_address_checkout
method status1]]>
  </system-out>
  <testcase classname="TS_013_MY_ACCOUNT.TC_MA_004_MY_ACCOUNT2" name="ui_interface_tc_ma_004" time="3.208"/>
  <system-out>
    <![CDATA[method nameui_interface_tc_ma_004
method status1]]>
  </system-out>
  <testcase classname="TS_013_MY_ACCOUNT.TC_MA_004_MY_ACCOUNT2" name="validate_product_name_price" time="10.880"/>
  <system-out>
    <![CDATA[method namevalidate_product_name_price
method status1]]>
  </system-out>
  <testcase classname="TS_013_MY_ACCOUNT.TC_MA_004_MY_ACCOUNT2" name="success_message_to_shoppingCart" time="4.214"/>
  <system-out>
    <![CDATA[method namesuccess_message_to_shoppingCart
method status1]]>
  </system-out>
  <testcase classname="TS_013_MY_ACCOUNT.TC_MA_004_MY_ACCOUNT2" name="Validate_shopping_cart_to_checkout" time="7.954"/>
  <system-out>
    <![CDATA[method nameValidate_shopping_cart_to_checkout
method status1]]>
  </system-out>
  <testcase classname="TS_013_MY_ACCOUNT.TC_MA_004_MY_ACCOUNT2" name="logging_valid_credentials_TC_LF_001" time="6.135"/>
  <system-out>
    <![CDATA[method namelogging_valid_credentials_TC_LF_001
method status1]]>
  </system-out>
</testsuite> <!-- TS_013_MY_ACCOUNT.TC_MA_004_MY_ACCOUNT2 -->
