<?xml version="1.0" encoding="UTF-8"?>
<!-- Generated by org.testng.reporters.JUnitReportReporter -->
<testsuite hostname="DELL" failures="0" tests="3" name="TS_012_CHANGE_PASSWORD.TC_008_CHANGE_PASSWORD_FUNCTIONALITY4" time="24.761" errors="0" timestamp="2024-05-07T14:37:07 IST" skipped="0">
  <testcase classname="TS_012_CHANGE_PASSWORD.TC_008_CHANGE_PASSWORD_FUNCTIONALITY4" name="validate_title_url" time="4.651"/>
  <system-out>
    <![CDATA[method namevalidate_title_url
method status1]]>
  </system-out>
  <testcase classname="TS_012_CHANGE_PASSWORD.TC_008_CHANGE_PASSWORD_FUNCTIONALITY4" name="logging_valid_credentials_TC_LF_001" time="12.838"/>
  <system-out>
    <![CDATA[method namelogging_valid_credentials_TC_LF_001
method status1]]>
  </system-out>
  <testcase classname="TS_012_CHANGE_PASSWORD.TC_008_CHANGE_PASSWORD_FUNCTIONALITY4" name="navigate_to_change_password_page" time="7.272"/>
  <system-out>
    <![CDATA[method namenavigate_to_change_password_page
method status1]]>
  </system-out>
</testsuite> <!-- TS_012_CHANGE_PASSWORD.TC_008_CHANGE_PASSWORD_FUNCTIONALITY4 -->
